ChatApp/app/build/outputs/logs/manifest-merger-debug-report.txt
-- Merging decision tree log ---
manifest
ADDED from src/main/AndroidManifest.xml:2:1-60:12
	package
		ADDED from src/main/AndroidManifest.xml:3:5-44
		INJECTED from src/main/AndroidManifest.xml
		INJECTED from src/main/AndroidManifest.xml
	android:versionName
		ADDED from src/main/AndroidManifest.xml:5:5-30
		INJECTED from src/main/AndroidManifest.xml
		INJECTED from src/main/AndroidManifest.xml
	android:versionCode
		ADDED from src/main/AndroidManifest.xml:4:5-28
		INJECTED from src/main/AndroidManifest.xml
		INJECTED from src/main/AndroidManifest.xml
	xmlns:android
		ADDED from src/main/AndroidManifest.xml:2:11-69
uses-sdk
ADDED from src/main/AndroidManifest.xml:7:5-9:41
	android:targetSdkVersion
		ADDED from src/main/AndroidManifest.xml:9:9-38
		INJECTED from src/main/AndroidManifest.xml
		INJECTED from src/main/AndroidManifest.xml
	android:minSdkVersion
		ADDED from src/main/AndroidManifest.xml:8:9-35
		INJECTED from src/main/AndroidManifest.xml
		INJECTED from src/main/AndroidManifest.xml
uses-permission#android.permission.INTERNET
ADDED from src/main/AndroidManifest.xml:11:5-67
	android:name
		ADDED from src/main/AndroidManifest.xml:11:22-64
uses-permission#android.permission.WIFI
ADDED from src/main/AndroidManifest.xml:12:5-63
	android:name
		ADDED from src/main/AndroidManifest.xml:12:22-60
application
ADDED from src/main/AndroidManifest.xml:14:5-58:19
	android:label
		ADDED from src/main/AndroidManifest.xml:17:9-41
	android:allowBackup
		ADDED from src/main/AndroidManifest.xml:15:9-36
	android:icon
		ADDED from src/main/AndroidManifest.xml:16:9-45
activity#edu.stevens.cs522.chat.twoway.activities.PeerList
ADDED from src/main/AndroidManifest.xml:18:9-21:20
	android:label
		ADDED from src/main/AndroidManifest.xml:20:13-61
	android:name
		ADDED from src/main/AndroidManifest.xml:19:13-48
activity#edu.stevens.cs522.chat.twoway.activities.MessageList
ADDED from src/main/AndroidManifest.xml:22:9-25:20
	android:label
		ADDED from src/main/AndroidManifest.xml:24:13-64
	android:name
		ADDED from src/main/AndroidManifest.xml:23:13-51
activity#edu.stevens.cs522.chat.twoway.activities.ChatApp
ADDED from src/main/AndroidManifest.xml:26:9-34:20
	android:label
		ADDED from src/main/AndroidManifest.xml:28:13-59
	android:name
		ADDED from src/main/AndroidManifest.xml:27:13-47
intent-filter#android.intent.action.MAIN+android.intent.category.LAUNCHER
ADDED from src/main/AndroidManifest.xml:29:13-33:29
action#android.intent.action.MAIN
ADDED from src/main/AndroidManifest.xml:30:17-69
	android:name
		ADDED from src/main/AndroidManifest.xml:30:25-66
category#android.intent.category.LAUNCHER
ADDED from src/main/AndroidManifest.xml:32:17-77
	android:name
		ADDED from src/main/AndroidManifest.xml:32:27-74
activity#edu.stevens.cs522.chat.twoway.activities.Settings
ADDED from src/main/AndroidManifest.xml:35:9-66
	android:name
		ADDED from src/main/AndroidManifest.xml:35:19-54
provider#edu.stevens.cs522.chat.twoway.providers.ChatProvider
ADDED from src/main/AndroidManifest.xml:36:9-41:20
	android:authorities
		ADDED from src/main/AndroidManifest.xml:38:13-39
	android:enabled
		ADDED from src/main/AndroidManifest.xml:39:13-35
	android:exported
		ADDED from src/main/AndroidManifest.xml:40:13-36
	android:name
		ADDED from src/main/AndroidManifest.xml:37:13-51
service#edu.stevens.cs522.chat.twoway.services.ChatReceiverService
ADDED from src/main/AndroidManifest.xml:43:9-47:19
	android:enabled
		ADDED from src/main/AndroidManifest.xml:45:13-35
	android:exported
		ADDED from src/main/AndroidManifest.xml:46:13-36
	android:name
		ADDED from src/main/AndroidManifest.xml:44:13-57
service#edu.stevens.cs522.chat.twoway.services.ChatSendService
ADDED from src/main/AndroidManifest.xml:48:9-52:19
	android:enabled
		ADDED from src/main/AndroidManifest.xml:50:13-35
	android:exported
		ADDED from src/main/AndroidManifest.xml:51:13-36
	android:name
		ADDED from src/main/AndroidManifest.xml:49:13-53
receiver#edu.stevens.cs522.chat.twoway.activities.ChatApp$Receiver
ADDED from src/main/AndroidManifest.xml:53:9-57:20
	android:name
		ADDED from src/main/AndroidManifest.xml:53:19-62
intent-filter#android.action.intent.PROVIDER_CHANGED
ADDED from src/main/AndroidManifest.xml:54:13-56:29
action#android.action.intent.PROVIDER_CHANGED
ADDED from src/main/AndroidManifest.xml:55:17-81
	android:name
		ADDED from src/main/AndroidManifest.xml:55:25-78